<?xml version="1.0" encoding="UTF-8"?>
<testsuite xmlns:xsi="http://www.w3.org/2001/XMLSchema-instance" xsi:noNamespaceSchemaLocation="https://maven.apache.org/surefire/maven-surefire-plugin/xsd/surefire-test-report.xsd" name="com.yl.VueadminJavaApplicationTests" time="10.373" tests="1" errors="0" skipped="0" failures="0">
  <properties>
    <property name="gopherProxySet" value="false"/>
    <property name="awt.toolkit" value="sun.lwawt.macosx.LWCToolkit"/>
    <property name="file.encoding.pkg" value="sun.io"/>
    <property name="java.specification.version" value="1.8"/>
    <property name="sun.cpu.isalist" value=""/>
    <property name="sun.jnu.encoding" value="UTF-8"/>
    <property name="java.class.path" value="/Users/jerry/yl/vueAdmin/vueadmin-java/target/test-classes:/Users/jerry/yl/vueAdmin/vueadmin-java/target/classes:/Users/jerry/open_souse/apache-maven-3.6.3/repository/org/springframework/boot/spring-boot-starter-web/2.4.0/spring-boot-starter-web-2.4.0.jar:/Users/jerry/open_souse/apache-maven-3.6.3/repository/org/springframework/boot/spring-boot-starter/2.4.0/spring-boot-starter-2.4.0.jar:/Users/jerry/open_souse/apache-maven-3.6.3/repository/org/springframework/boot/spring-boot-starter-logging/2.4.0/spring-boot-starter-logging-2.4.0.jar:/Users/jerry/open_souse/apache-maven-3.6.3/repository/ch/qos/logback/logback-classic/1.2.3/logback-classic-1.2.3.jar:/Users/jerry/open_souse/apache-maven-3.6.3/repository/ch/qos/logback/logback-core/1.2.3/logback-core-1.2.3.jar:/Users/jerry/open_souse/apache-maven-3.6.3/repository/org/apache/logging/log4j/log4j-to-slf4j/2.13.3/log4j-to-slf4j-2.13.3.jar:/Users/jerry/open_souse/apache-maven-3.6.3/repository/org/apache/logging/log4j/log4j-api/2.13.3/log4j-api-2.13.3.jar:/Users/jerry/open_souse/apache-maven-3.6.3/repository/org/slf4j/jul-to-slf4j/1.7.30/jul-to-slf4j-1.7.30.jar:/Users/jerry/open_souse/apache-maven-3.6.3/repository/jakarta/annotation/jakarta.annotation-api/1.3.5/jakarta.annotation-api-1.3.5.jar:/Users/jerry/open_souse/apache-maven-3.6.3/repository/org/yaml/snakeyaml/1.27/snakeyaml-1.27.jar:/Users/jerry/open_souse/apache-maven-3.6.3/repository/org/springframework/boot/spring-boot-starter-json/2.4.0/spring-boot-starter-json-2.4.0.jar:/Users/jerry/open_souse/apache-maven-3.6.3/repository/com/fasterxml/jackson/datatype/jackson-datatype-jdk8/2.11.3/jackson-datatype-jdk8-2.11.3.jar:/Users/jerry/open_souse/apache-maven-3.6.3/repository/com/fasterxml/jackson/datatype/jackson-datatype-jsr310/2.11.3/jackson-datatype-jsr310-2.11.3.jar:/Users/jerry/open_souse/apache-maven-3.6.3/repository/com/fasterxml/jackson/module/jackson-module-parameter-names/2.11.3/jackson-module-parameter-names-2.11.3.jar:/Users/jerry/open_souse/apache-maven-3.6.3/repository/org/springframework/boot/spring-boot-starter-tomcat/2.4.0/spring-boot-starter-tomcat-2.4.0.jar:/Users/jerry/open_souse/apache-maven-3.6.3/repository/org/apache/tomcat/embed/tomcat-embed-core/9.0.39/tomcat-embed-core-9.0.39.jar:/Users/jerry/open_souse/apache-maven-3.6.3/repository/org/apache/tomcat/embed/tomcat-embed-websocket/9.0.39/tomcat-embed-websocket-9.0.39.jar:/Users/jerry/open_souse/apache-maven-3.6.3/repository/org/springframework/spring-web/5.3.1/spring-web-5.3.1.jar:/Users/jerry/open_souse/apache-maven-3.6.3/repository/org/springframework/spring-beans/5.3.1/spring-beans-5.3.1.jar:/Users/jerry/open_souse/apache-maven-3.6.3/repository/org/springframework/spring-webmvc/5.3.1/spring-webmvc-5.3.1.jar:/Users/jerry/open_souse/apache-maven-3.6.3/repository/org/springframework/spring-context/5.3.1/spring-context-5.3.1.jar:/Users/jerry/open_souse/apache-maven-3.6.3/repository/org/springframework/spring-expression/5.3.1/spring-expression-5.3.1.jar:/Users/jerry/open_souse/apache-maven-3.6.3/repository/org/springframework/boot/spring-boot-devtools/2.4.0/spring-boot-devtools-2.4.0.jar:/Users/jerry/open_souse/apache-maven-3.6.3/repository/org/springframework/boot/spring-boot/2.4.0/spring-boot-2.4.0.jar:/Users/jerry/open_souse/apache-maven-3.6.3/repository/org/springframework/boot/spring-boot-autoconfigure/2.4.0/spring-boot-autoconfigure-2.4.0.jar:/Users/jerry/open_souse/apache-maven-3.6.3/repository/org/projectlombok/lombok/1.18.16/lombok-1.18.16.jar:/Users/jerry/open_souse/apache-maven-3.6.3/repository/org/springframework/boot/spring-boot-starter-test/2.4.0/spring-boot-starter-test-2.4.0.jar:/Users/jerry/open_souse/apache-maven-3.6.3/repository/org/springframework/boot/spring-boot-test/2.4.0/spring-boot-test-2.4.0.jar:/Users/jerry/open_souse/apache-maven-3.6.3/repository/org/springframework/boot/spring-boot-test-autoconfigure/2.4.0/spring-boot-test-autoconfigure-2.4.0.jar:/Users/jerry/open_souse/apache-maven-3.6.3/repository/com/jayway/jsonpath/json-path/2.4.0/json-path-2.4.0.jar:/Users/jerry/open_souse/apache-maven-3.6.3/repository/net/minidev/json-smart/2.3/json-smart-2.3.jar:/Users/jerry/open_souse/apache-maven-3.6.3/repository/net/minidev/accessors-smart/1.2/accessors-smart-1.2.jar:/Users/jerry/open_souse/apache-maven-3.6.3/repository/org/ow2/asm/asm/5.0.4/asm-5.0.4.jar:/Users/jerry/open_souse/apache-maven-3.6.3/repository/jakarta/xml/bind/jakarta.xml.bind-api/2.3.3/jakarta.xml.bind-api-2.3.3.jar:/Users/jerry/open_souse/apache-maven-3.6.3/repository/jakarta/activation/jakarta.activation-api/1.2.2/jakarta.activation-api-1.2.2.jar:/Users/jerry/open_souse/apache-maven-3.6.3/repository/org/assertj/assertj-core/3.18.1/assertj-core-3.18.1.jar:/Users/jerry/open_souse/apache-maven-3.6.3/repository/org/hamcrest/hamcrest/2.2/hamcrest-2.2.jar:/Users/jerry/open_souse/apache-maven-3.6.3/repository/org/junit/jupiter/junit-jupiter/5.7.0/junit-jupiter-5.7.0.jar:/Users/jerry/open_souse/apache-maven-3.6.3/repository/org/junit/jupiter/junit-jupiter-api/5.7.0/junit-jupiter-api-5.7.0.jar:/Users/jerry/open_souse/apache-maven-3.6.3/repository/org/apiguardian/apiguardian-api/1.1.0/apiguardian-api-1.1.0.jar:/Users/jerry/open_souse/apache-maven-3.6.3/repository/org/opentest4j/opentest4j/1.2.0/opentest4j-1.2.0.jar:/Users/jerry/open_souse/apache-maven-3.6.3/repository/org/junit/platform/junit-platform-commons/1.7.0/junit-platform-commons-1.7.0.jar:/Users/jerry/open_souse/apache-maven-3.6.3/repository/org/junit/jupiter/junit-jupiter-params/5.7.0/junit-jupiter-params-5.7.0.jar:/Users/jerry/open_souse/apache-maven-3.6.3/repository/org/junit/jupiter/junit-jupiter-engine/5.7.0/junit-jupiter-engine-5.7.0.jar:/Users/jerry/open_souse/apache-maven-3.6.3/repository/org/junit/platform/junit-platform-engine/1.7.0/junit-platform-engine-1.7.0.jar:/Users/jerry/open_souse/apache-maven-3.6.3/repository/org/mockito/mockito-core/3.6.0/mockito-core-3.6.0.jar:/Users/jerry/open_souse/apache-maven-3.6.3/repository/net/bytebuddy/byte-buddy/1.10.18/byte-buddy-1.10.18.jar:/Users/jerry/open_souse/apache-maven-3.6.3/repository/net/bytebuddy/byte-buddy-agent/1.10.18/byte-buddy-agent-1.10.18.jar:/Users/jerry/open_souse/apache-maven-3.6.3/repository/org/objenesis/objenesis/3.1/objenesis-3.1.jar:/Users/jerry/open_souse/apache-maven-3.6.3/repository/org/mockito/mockito-junit-jupiter/3.6.0/mockito-junit-jupiter-3.6.0.jar:/Users/jerry/open_souse/apache-maven-3.6.3/repository/org/skyscreamer/jsonassert/1.5.0/jsonassert-1.5.0.jar:/Users/jerry/open_souse/apache-maven-3.6.3/repository/com/vaadin/external/google/android-json/0.0.20131108.vaadin1/android-json-0.0.20131108.vaadin1.jar:/Users/jerry/open_souse/apache-maven-3.6.3/repository/org/springframework/spring-core/5.3.1/spring-core-5.3.1.jar:/Users/jerry/open_souse/apache-maven-3.6.3/repository/org/springframework/spring-jcl/5.3.1/spring-jcl-5.3.1.jar:/Users/jerry/open_souse/apache-maven-3.6.3/repository/org/springframework/spring-test/5.3.1/spring-test-5.3.1.jar:/Users/jerry/open_souse/apache-maven-3.6.3/repository/org/xmlunit/xmlunit-core/2.7.0/xmlunit-core-2.7.0.jar:/Users/jerry/open_souse/apache-maven-3.6.3/repository/com/baomidou/mybatis-plus-boot-starter/3.4.1/mybatis-plus-boot-starter-3.4.1.jar:/Users/jerry/open_souse/apache-maven-3.6.3/repository/com/baomidou/mybatis-plus/3.4.1/mybatis-plus-3.4.1.jar:/Users/jerry/open_souse/apache-maven-3.6.3/repository/org/springframework/boot/spring-boot-starter-jdbc/2.4.0/spring-boot-starter-jdbc-2.4.0.jar:/Users/jerry/open_souse/apache-maven-3.6.3/repository/com/zaxxer/HikariCP/3.4.5/HikariCP-3.4.5.jar:/Users/jerry/open_souse/apache-maven-3.6.3/repository/org/springframework/spring-jdbc/5.3.1/spring-jdbc-5.3.1.jar:/Users/jerry/open_souse/apache-maven-3.6.3/repository/com/baomidou/mybatis-plus-generator/3.4.1/mybatis-plus-generator-3.4.1.jar:/Users/jerry/open_souse/apache-maven-3.6.3/repository/com/baomidou/mybatis-plus-extension/3.4.1/mybatis-plus-extension-3.4.1.jar:/Users/jerry/open_souse/apache-maven-3.6.3/repository/com/baomidou/mybatis-plus-core/3.4.1/mybatis-plus-core-3.4.1.jar:/Users/jerry/open_souse/apache-maven-3.6.3/repository/com/baomidou/mybatis-plus-annotation/3.4.1/mybatis-plus-annotation-3.4.1.jar:/Users/jerry/open_souse/apache-maven-3.6.3/repository/com/github/jsqlparser/jsqlparser/3.2/jsqlparser-3.2.jar:/Users/jerry/open_souse/apache-maven-3.6.3/repository/org/mybatis/mybatis/3.5.6/mybatis-3.5.6.jar:/Users/jerry/open_souse/apache-maven-3.6.3/repository/org/mybatis/mybatis-spring/2.0.5/mybatis-spring-2.0.5.jar:/Users/jerry/open_souse/apache-maven-3.6.3/repository/org/freemarker/freemarker/2.3.30/freemarker-2.3.30.jar:/Users/jerry/open_souse/apache-maven-3.6.3/repository/mysql/mysql-connector-java/8.0.22/mysql-connector-java-8.0.22.jar:/Users/jerry/open_souse/apache-maven-3.6.3/repository/org/springframework/boot/spring-boot-starter-security/2.4.0/spring-boot-starter-security-2.4.0.jar:/Users/jerry/open_souse/apache-maven-3.6.3/repository/org/springframework/spring-aop/5.3.1/spring-aop-5.3.1.jar:/Users/jerry/open_souse/apache-maven-3.6.3/repository/org/springframework/security/spring-security-config/5.4.1/spring-security-config-5.4.1.jar:/Users/jerry/open_souse/apache-maven-3.6.3/repository/org/springframework/security/spring-security-core/5.4.1/spring-security-core-5.4.1.jar:/Users/jerry/open_souse/apache-maven-3.6.3/repository/org/springframework/security/spring-security-web/5.4.1/spring-security-web-5.4.1.jar:/Users/jerry/open_souse/apache-maven-3.6.3/repository/org/springframework/boot/spring-boot-starter-data-redis/2.4.0/spring-boot-starter-data-redis-2.4.0.jar:/Users/jerry/open_souse/apache-maven-3.6.3/repository/org/springframework/data/spring-data-redis/2.4.1/spring-data-redis-2.4.1.jar:/Users/jerry/open_souse/apache-maven-3.6.3/repository/org/springframework/data/spring-data-keyvalue/2.4.1/spring-data-keyvalue-2.4.1.jar:/Users/jerry/open_souse/apache-maven-3.6.3/repository/org/springframework/data/spring-data-commons/2.4.1/spring-data-commons-2.4.1.jar:/Users/jerry/open_souse/apache-maven-3.6.3/repository/org/springframework/spring-tx/5.3.1/spring-tx-5.3.1.jar:/Users/jerry/open_souse/apache-maven-3.6.3/repository/org/springframework/spring-oxm/5.3.1/spring-oxm-5.3.1.jar:/Users/jerry/open_souse/apache-maven-3.6.3/repository/org/springframework/spring-context-support/5.3.1/spring-context-support-5.3.1.jar:/Users/jerry/open_souse/apache-maven-3.6.3/repository/io/lettuce/lettuce-core/6.0.1.RELEASE/lettuce-core-6.0.1.RELEASE.jar:/Users/jerry/open_souse/apache-maven-3.6.3/repository/io/netty/netty-common/4.1.54.Final/netty-common-4.1.54.Final.jar:/Users/jerry/open_souse/apache-maven-3.6.3/repository/io/netty/netty-handler/4.1.54.Final/netty-handler-4.1.54.Final.jar:/Users/jerry/open_souse/apache-maven-3.6.3/repository/io/netty/netty-resolver/4.1.54.Final/netty-resolver-4.1.54.Final.jar:/Users/jerry/open_souse/apache-maven-3.6.3/repository/io/netty/netty-buffer/4.1.54.Final/netty-buffer-4.1.54.Final.jar:/Users/jerry/open_souse/apache-maven-3.6.3/repository/io/netty/netty-codec/4.1.54.Final/netty-codec-4.1.54.Final.jar:/Users/jerry/open_souse/apache-maven-3.6.3/repository/io/netty/netty-transport/4.1.54.Final/netty-transport-4.1.54.Final.jar:/Users/jerry/open_souse/apache-maven-3.6.3/repository/io/projectreactor/reactor-core/3.4.0/reactor-core-3.4.0.jar:/Users/jerry/open_souse/apache-maven-3.6.3/repository/org/reactivestreams/reactive-streams/1.0.3/reactive-streams-1.0.3.jar:/Users/jerry/open_souse/apache-maven-3.6.3/repository/io/jsonwebtoken/jjwt/0.9.1/jjwt-0.9.1.jar:/Users/jerry/open_souse/apache-maven-3.6.3/repository/com/fasterxml/jackson/core/jackson-databind/2.11.3/jackson-databind-2.11.3.jar:/Users/jerry/open_souse/apache-maven-3.6.3/repository/com/fasterxml/jackson/core/jackson-annotations/2.11.3/jackson-annotations-2.11.3.jar:/Users/jerry/open_souse/apache-maven-3.6.3/repository/com/fasterxml/jackson/core/jackson-core/2.11.3/jackson-core-2.11.3.jar:/Users/jerry/open_souse/apache-maven-3.6.3/repository/com/github/axet/kaptcha/0.0.9/kaptcha-0.0.9.jar:/Users/jerry/open_souse/apache-maven-3.6.3/repository/com/jhlabs/filters/2.0.235/filters-2.0.235.jar:/Users/jerry/open_souse/apache-maven-3.6.3/repository/cn/hutool/hutool-all/5.3.3/hutool-all-5.3.3.jar:/Users/jerry/open_souse/apache-maven-3.6.3/repository/org/apache/commons/commons-lang3/3.11/commons-lang3-3.11.jar:/Users/jerry/open_souse/apache-maven-3.6.3/repository/commons-lang/commons-lang/2.6/commons-lang-2.6.jar:/Users/jerry/open_souse/apache-maven-3.6.3/repository/org/springframework/boot/spring-boot-starter-validation/2.4.0/spring-boot-starter-validation-2.4.0.jar:/Users/jerry/open_souse/apache-maven-3.6.3/repository/org/glassfish/jakarta.el/3.0.3/jakarta.el-3.0.3.jar:/Users/jerry/open_souse/apache-maven-3.6.3/repository/org/hibernate/validator/hibernate-validator/6.1.6.Final/hibernate-validator-6.1.6.Final.jar:/Users/jerry/open_souse/apache-maven-3.6.3/repository/jakarta/validation/jakarta.validation-api/2.0.2/jakarta.validation-api-2.0.2.jar:/Users/jerry/open_souse/apache-maven-3.6.3/repository/org/jboss/logging/jboss-logging/3.4.1.Final/jboss-logging-3.4.1.Final.jar:/Users/jerry/open_souse/apache-maven-3.6.3/repository/com/alibaba/fastjson/1.2.75/fastjson-1.2.75.jar:/Users/jerry/open_souse/apache-maven-3.6.3/repository/io/springfox/springfox-swagger2/2.7.0/springfox-swagger2-2.7.0.jar:/Users/jerry/open_souse/apache-maven-3.6.3/repository/io/swagger/swagger-annotations/1.5.13/swagger-annotations-1.5.13.jar:/Users/jerry/open_souse/apache-maven-3.6.3/repository/io/swagger/swagger-models/1.5.13/swagger-models-1.5.13.jar:/Users/jerry/open_souse/apache-maven-3.6.3/repository/io/springfox/springfox-spi/2.7.0/springfox-spi-2.7.0.jar:/Users/jerry/open_souse/apache-maven-3.6.3/repository/io/springfox/springfox-core/2.7.0/springfox-core-2.7.0.jar:/Users/jerry/open_souse/apache-maven-3.6.3/repository/io/springfox/springfox-schema/2.7.0/springfox-schema-2.7.0.jar:/Users/jerry/open_souse/apache-maven-3.6.3/repository/io/springfox/springfox-swagger-common/2.7.0/springfox-swagger-common-2.7.0.jar:/Users/jerry/open_souse/apache-maven-3.6.3/repository/io/springfox/springfox-spring-web/2.7.0/springfox-spring-web-2.7.0.jar:/Users/jerry/open_souse/apache-maven-3.6.3/repository/org/reflections/reflections/0.9.11/reflections-0.9.11.jar:/Users/jerry/open_souse/apache-maven-3.6.3/repository/org/javassist/javassist/3.21.0-GA/javassist-3.21.0-GA.jar:/Users/jerry/open_souse/apache-maven-3.6.3/repository/com/google/guava/guava/18.0/guava-18.0.jar:/Users/jerry/open_souse/apache-maven-3.6.3/repository/com/fasterxml/classmate/1.5.1/classmate-1.5.1.jar:/Users/jerry/open_souse/apache-maven-3.6.3/repository/org/slf4j/slf4j-api/1.7.30/slf4j-api-1.7.30.jar:/Users/jerry/open_souse/apache-maven-3.6.3/repository/org/springframework/plugin/spring-plugin-core/1.2.0.RELEASE/spring-plugin-core-1.2.0.RELEASE.jar:/Users/jerry/open_souse/apache-maven-3.6.3/repository/org/springframework/plugin/spring-plugin-metadata/1.2.0.RELEASE/spring-plugin-metadata-1.2.0.RELEASE.jar:/Users/jerry/open_souse/apache-maven-3.6.3/repository/org/mapstruct/mapstruct/1.1.0.Final/mapstruct-1.1.0.Final.jar:/Users/jerry/open_souse/apache-maven-3.6.3/repository/io/springfox/springfox-swagger-ui/2.7.0/springfox-swagger-ui-2.7.0.jar:/Users/jerry/open_souse/apache-maven-3.6.3/repository/net/coobird/thumbnailator/0.4.13/thumbnailator-0.4.13.jar:/Users/jerry/open_souse/apache-maven-3.6.3/repository/org/aspectj/aspectjweaver/1.9.6/aspectjweaver-1.9.6.jar:"/>
    <property name="java.vm.vendor" value="Oracle Corporation"/>
    <property name="sun.arch.data.model" value="64"/>
    <property name="java.vendor.url" value="http://java.oracle.com/"/>
    <property name="user.timezone" value=""/>
    <property name="java.vm.specification.version" value="1.8"/>
    <property name="os.name" value="Mac OS X"/>
    <property name="user.country" value="CN"/>
    <property name="sun.java.launcher" value="SUN_STANDARD"/>
    <property name="sun.boot.library.path" value="/Library/Java/JavaVirtualMachines/jdk1.8.0_211.jdk/Contents/Home/jre/lib"/>
    <property name="sun.java.command" value="/Users/jerry/yl/vueAdmin/vueadmin-java/target/surefire/surefirebooter3546463406190015273.jar /Users/jerry/yl/vueAdmin/vueadmin-java/target/surefire 2021-10-26T13-35-35_755-jvmRun1 surefire1096320540442268605tmp surefire_05140838981370720019tmp"/>
    <property name="http.nonProxyHosts" value="local|*.local|169.254/16|*.169.254/16"/>
    <property name="surefire.test.class.path" value="/Users/jerry/yl/vueAdmin/vueadmin-java/target/test-classes:/Users/jerry/yl/vueAdmin/vueadmin-java/target/classes:/Users/jerry/open_souse/apache-maven-3.6.3/repository/org/springframework/boot/spring-boot-starter-web/2.4.0/spring-boot-starter-web-2.4.0.jar:/Users/jerry/open_souse/apache-maven-3.6.3/repository/org/springframework/boot/spring-boot-starter/2.4.0/spring-boot-starter-2.4.0.jar:/Users/jerry/open_souse/apache-maven-3.6.3/repository/org/springframework/boot/spring-boot-starter-logging/2.4.0/spring-boot-starter-logging-2.4.0.jar:/Users/jerry/open_souse/apache-maven-3.6.3/repository/ch/qos/logback/logback-classic/1.2.3/logback-classic-1.2.3.jar:/Users/jerry/open_souse/apache-maven-3.6.3/repository/ch/qos/logback/logback-core/1.2.3/logback-core-1.2.3.jar:/Users/jerry/open_souse/apache-maven-3.6.3/repository/org/apache/logging/log4j/log4j-to-slf4j/2.13.3/log4j-to-slf4j-2.13.3.jar:/Users/jerry/open_souse/apache-maven-3.6.3/repository/org/apache/logging/log4j/log4j-api/2.13.3/log4j-api-2.13.3.jar:/Users/jerry/open_souse/apache-maven-3.6.3/repository/org/slf4j/jul-to-slf4j/1.7.30/jul-to-slf4j-1.7.30.jar:/Users/jerry/open_souse/apache-maven-3.6.3/repository/jakarta/annotation/jakarta.annotation-api/1.3.5/jakarta.annotation-api-1.3.5.jar:/Users/jerry/open_souse/apache-maven-3.6.3/repository/org/yaml/snakeyaml/1.27/snakeyaml-1.27.jar:/Users/jerry/open_souse/apache-maven-3.6.3/repository/org/springframework/boot/spring-boot-starter-json/2.4.0/spring-boot-starter-json-2.4.0.jar:/Users/jerry/open_souse/apache-maven-3.6.3/repository/com/fasterxml/jackson/datatype/jackson-datatype-jdk8/2.11.3/jackson-datatype-jdk8-2.11.3.jar:/Users/jerry/open_souse/apache-maven-3.6.3/repository/com/fasterxml/jackson/datatype/jackson-datatype-jsr310/2.11.3/jackson-datatype-jsr310-2.11.3.jar:/Users/jerry/open_souse/apache-maven-3.6.3/repository/com/fasterxml/jackson/module/jackson-module-parameter-names/2.11.3/jackson-module-parameter-names-2.11.3.jar:/Users/jerry/open_souse/apache-maven-3.6.3/repository/org/springframework/boot/spring-boot-starter-tomcat/2.4.0/spring-boot-starter-tomcat-2.4.0.jar:/Users/jerry/open_souse/apache-maven-3.6.3/repository/org/apache/tomcat/embed/tomcat-embed-core/9.0.39/tomcat-embed-core-9.0.39.jar:/Users/jerry/open_souse/apache-maven-3.6.3/repository/org/apache/tomcat/embed/tomcat-embed-websocket/9.0.39/tomcat-embed-websocket-9.0.39.jar:/Users/jerry/open_souse/apache-maven-3.6.3/repository/org/springframework/spring-web/5.3.1/spring-web-5.3.1.jar:/Users/jerry/open_souse/apache-maven-3.6.3/repository/org/springframework/spring-beans/5.3.1/spring-beans-5.3.1.jar:/Users/jerry/open_souse/apache-maven-3.6.3/repository/org/springframework/spring-webmvc/5.3.1/spring-webmvc-5.3.1.jar:/Users/jerry/open_souse/apache-maven-3.6.3/repository/org/springframework/spring-context/5.3.1/spring-context-5.3.1.jar:/Users/jerry/open_souse/apache-maven-3.6.3/repository/org/springframework/spring-expression/5.3.1/spring-expression-5.3.1.jar:/Users/jerry/open_souse/apache-maven-3.6.3/repository/org/springframework/boot/spring-boot-devtools/2.4.0/spring-boot-devtools-2.4.0.jar:/Users/jerry/open_souse/apache-maven-3.6.3/repository/org/springframework/boot/spring-boot/2.4.0/spring-boot-2.4.0.jar:/Users/jerry/open_souse/apache-maven-3.6.3/repository/org/springframework/boot/spring-boot-autoconfigure/2.4.0/spring-boot-autoconfigure-2.4.0.jar:/Users/jerry/open_souse/apache-maven-3.6.3/repository/org/projectlombok/lombok/1.18.16/lombok-1.18.16.jar:/Users/jerry/open_souse/apache-maven-3.6.3/repository/org/springframework/boot/spring-boot-starter-test/2.4.0/spring-boot-starter-test-2.4.0.jar:/Users/jerry/open_souse/apache-maven-3.6.3/repository/org/springframework/boot/spring-boot-test/2.4.0/spring-boot-test-2.4.0.jar:/Users/jerry/open_souse/apache-maven-3.6.3/repository/org/springframework/boot/spring-boot-test-autoconfigure/2.4.0/spring-boot-test-autoconfigure-2.4.0.jar:/Users/jerry/open_souse/apache-maven-3.6.3/repository/com/jayway/jsonpath/json-path/2.4.0/json-path-2.4.0.jar:/Users/jerry/open_souse/apache-maven-3.6.3/repository/net/minidev/json-smart/2.3/json-smart-2.3.jar:/Users/jerry/open_souse/apache-maven-3.6.3/repository/net/minidev/accessors-smart/1.2/accessors-smart-1.2.jar:/Users/jerry/open_souse/apache-maven-3.6.3/repository/org/ow2/asm/asm/5.0.4/asm-5.0.4.jar:/Users/jerry/open_souse/apache-maven-3.6.3/repository/jakarta/xml/bind/jakarta.xml.bind-api/2.3.3/jakarta.xml.bind-api-2.3.3.jar:/Users/jerry/open_souse/apache-maven-3.6.3/repository/jakarta/activation/jakarta.activation-api/1.2.2/jakarta.activation-api-1.2.2.jar:/Users/jerry/open_souse/apache-maven-3.6.3/repository/org/assertj/assertj-core/3.18.1/assertj-core-3.18.1.jar:/Users/jerry/open_souse/apache-maven-3.6.3/repository/org/hamcrest/hamcrest/2.2/hamcrest-2.2.jar:/Users/jerry/open_souse/apache-maven-3.6.3/repository/org/junit/jupiter/junit-jupiter/5.7.0/junit-jupiter-5.7.0.jar:/Users/jerry/open_souse/apache-maven-3.6.3/repository/org/junit/jupiter/junit-jupiter-api/5.7.0/junit-jupiter-api-5.7.0.jar:/Users/jerry/open_souse/apache-maven-3.6.3/repository/org/apiguardian/apiguardian-api/1.1.0/apiguardian-api-1.1.0.jar:/Users/jerry/open_souse/apache-maven-3.6.3/repository/org/opentest4j/opentest4j/1.2.0/opentest4j-1.2.0.jar:/Users/jerry/open_souse/apache-maven-3.6.3/repository/org/junit/platform/junit-platform-commons/1.7.0/junit-platform-commons-1.7.0.jar:/Users/jerry/open_souse/apache-maven-3.6.3/repository/org/junit/jupiter/junit-jupiter-params/5.7.0/junit-jupiter-params-5.7.0.jar:/Users/jerry/open_souse/apache-maven-3.6.3/repository/org/junit/jupiter/junit-jupiter-engine/5.7.0/junit-jupiter-engine-5.7.0.jar:/Users/jerry/open_souse/apache-maven-3.6.3/repository/org/junit/platform/junit-platform-engine/1.7.0/junit-platform-engine-1.7.0.jar:/Users/jerry/open_souse/apache-maven-3.6.3/repository/org/mockito/mockito-core/3.6.0/mockito-core-3.6.0.jar:/Users/jerry/open_souse/apache-maven-3.6.3/repository/net/bytebuddy/byte-buddy/1.10.18/byte-buddy-1.10.18.jar:/Users/jerry/open_souse/apache-maven-3.6.3/repository/net/bytebuddy/byte-buddy-agent/1.10.18/byte-buddy-agent-1.10.18.jar:/Users/jerry/open_souse/apache-maven-3.6.3/repository/org/objenesis/objenesis/3.1/objenesis-3.1.jar:/Users/jerry/open_souse/apache-maven-3.6.3/repository/org/mockito/mockito-junit-jupiter/3.6.0/mockito-junit-jupiter-3.6.0.jar:/Users/jerry/open_souse/apache-maven-3.6.3/repository/org/skyscreamer/jsonassert/1.5.0/jsonassert-1.5.0.jar:/Users/jerry/open_souse/apache-maven-3.6.3/repository/com/vaadin/external/google/android-json/0.0.20131108.vaadin1/android-json-0.0.20131108.vaadin1.jar:/Users/jerry/open_souse/apache-maven-3.6.3/repository/org/springframework/spring-core/5.3.1/spring-core-5.3.1.jar:/Users/jerry/open_souse/apache-maven-3.6.3/repository/org/springframework/spring-jcl/5.3.1/spring-jcl-5.3.1.jar:/Users/jerry/open_souse/apache-maven-3.6.3/repository/org/springframework/spring-test/5.3.1/spring-test-5.3.1.jar:/Users/jerry/open_souse/apache-maven-3.6.3/repository/org/xmlunit/xmlunit-core/2.7.0/xmlunit-core-2.7.0.jar:/Users/jerry/open_souse/apache-maven-3.6.3/repository/com/baomidou/mybatis-plus-boot-starter/3.4.1/mybatis-plus-boot-starter-3.4.1.jar:/Users/jerry/open_souse/apache-maven-3.6.3/repository/com/baomidou/mybatis-plus/3.4.1/mybatis-plus-3.4.1.jar:/Users/jerry/open_souse/apache-maven-3.6.3/repository/org/springframework/boot/spring-boot-starter-jdbc/2.4.0/spring-boot-starter-jdbc-2.4.0.jar:/Users/jerry/open_souse/apache-maven-3.6.3/repository/com/zaxxer/HikariCP/3.4.5/HikariCP-3.4.5.jar:/Users/jerry/open_souse/apache-maven-3.6.3/repository/org/springframework/spring-jdbc/5.3.1/spring-jdbc-5.3.1.jar:/Users/jerry/open_souse/apache-maven-3.6.3/repository/com/baomidou/mybatis-plus-generator/3.4.1/mybatis-plus-generator-3.4.1.jar:/Users/jerry/open_souse/apache-maven-3.6.3/repository/com/baomidou/mybatis-plus-extension/3.4.1/mybatis-plus-extension-3.4.1.jar:/Users/jerry/open_souse/apache-maven-3.6.3/repository/com/baomidou/mybatis-plus-core/3.4.1/mybatis-plus-core-3.4.1.jar:/Users/jerry/open_souse/apache-maven-3.6.3/repository/com/baomidou/mybatis-plus-annotation/3.4.1/mybatis-plus-annotation-3.4.1.jar:/Users/jerry/open_souse/apache-maven-3.6.3/repository/com/github/jsqlparser/jsqlparser/3.2/jsqlparser-3.2.jar:/Users/jerry/open_souse/apache-maven-3.6.3/repository/org/mybatis/mybatis/3.5.6/mybatis-3.5.6.jar:/Users/jerry/open_souse/apache-maven-3.6.3/repository/org/mybatis/mybatis-spring/2.0.5/mybatis-spring-2.0.5.jar:/Users/jerry/open_souse/apache-maven-3.6.3/repository/org/freemarker/freemarker/2.3.30/freemarker-2.3.30.jar:/Users/jerry/open_souse/apache-maven-3.6.3/repository/mysql/mysql-connector-java/8.0.22/mysql-connector-java-8.0.22.jar:/Users/jerry/open_souse/apache-maven-3.6.3/repository/org/springframework/boot/spring-boot-starter-security/2.4.0/spring-boot-starter-security-2.4.0.jar:/Users/jerry/open_souse/apache-maven-3.6.3/repository/org/springframework/spring-aop/5.3.1/spring-aop-5.3.1.jar:/Users/jerry/open_souse/apache-maven-3.6.3/repository/org/springframework/security/spring-security-config/5.4.1/spring-security-config-5.4.1.jar:/Users/jerry/open_souse/apache-maven-3.6.3/repository/org/springframework/security/spring-security-core/5.4.1/spring-security-core-5.4.1.jar:/Users/jerry/open_souse/apache-maven-3.6.3/repository/org/springframework/security/spring-security-web/5.4.1/spring-security-web-5.4.1.jar:/Users/jerry/open_souse/apache-maven-3.6.3/repository/org/springframework/boot/spring-boot-starter-data-redis/2.4.0/spring-boot-starter-data-redis-2.4.0.jar:/Users/jerry/open_souse/apache-maven-3.6.3/repository/org/springframework/data/spring-data-redis/2.4.1/spring-data-redis-2.4.1.jar:/Users/jerry/open_souse/apache-maven-3.6.3/repository/org/springframework/data/spring-data-keyvalue/2.4.1/spring-data-keyvalue-2.4.1.jar:/Users/jerry/open_souse/apache-maven-3.6.3/repository/org/springframework/data/spring-data-commons/2.4.1/spring-data-commons-2.4.1.jar:/Users/jerry/open_souse/apache-maven-3.6.3/repository/org/springframework/spring-tx/5.3.1/spring-tx-5.3.1.jar:/Users/jerry/open_souse/apache-maven-3.6.3/repository/org/springframework/spring-oxm/5.3.1/spring-oxm-5.3.1.jar:/Users/jerry/open_souse/apache-maven-3.6.3/repository/org/springframework/spring-context-support/5.3.1/spring-context-support-5.3.1.jar:/Users/jerry/open_souse/apache-maven-3.6.3/repository/io/lettuce/lettuce-core/6.0.1.RELEASE/lettuce-core-6.0.1.RELEASE.jar:/Users/jerry/open_souse/apache-maven-3.6.3/repository/io/netty/netty-common/4.1.54.Final/netty-common-4.1.54.Final.jar:/Users/jerry/open_souse/apache-maven-3.6.3/repository/io/netty/netty-handler/4.1.54.Final/netty-handler-4.1.54.Final.jar:/Users/jerry/open_souse/apache-maven-3.6.3/repository/io/netty/netty-resolver/4.1.54.Final/netty-resolver-4.1.54.Final.jar:/Users/jerry/open_souse/apache-maven-3.6.3/repository/io/netty/netty-buffer/4.1.54.Final/netty-buffer-4.1.54.Final.jar:/Users/jerry/open_souse/apache-maven-3.6.3/repository/io/netty/netty-codec/4.1.54.Final/netty-codec-4.1.54.Final.jar:/Users/jerry/open_souse/apache-maven-3.6.3/repository/io/netty/netty-transport/4.1.54.Final/netty-transport-4.1.54.Final.jar:/Users/jerry/open_souse/apache-maven-3.6.3/repository/io/projectreactor/reactor-core/3.4.0/reactor-core-3.4.0.jar:/Users/jerry/open_souse/apache-maven-3.6.3/repository/org/reactivestreams/reactive-streams/1.0.3/reactive-streams-1.0.3.jar:/Users/jerry/open_souse/apache-maven-3.6.3/repository/io/jsonwebtoken/jjwt/0.9.1/jjwt-0.9.1.jar:/Users/jerry/open_souse/apache-maven-3.6.3/repository/com/fasterxml/jackson/core/jackson-databind/2.11.3/jackson-databind-2.11.3.jar:/Users/jerry/open_souse/apache-maven-3.6.3/repository/com/fasterxml/jackson/core/jackson-annotations/2.11.3/jackson-annotations-2.11.3.jar:/Users/jerry/open_souse/apache-maven-3.6.3/repository/com/fasterxml/jackson/core/jackson-core/2.11.3/jackson-core-2.11.3.jar:/Users/jerry/open_souse/apache-maven-3.6.3/repository/com/github/axet/kaptcha/0.0.9/kaptcha-0.0.9.jar:/Users/jerry/open_souse/apache-maven-3.6.3/repository/com/jhlabs/filters/2.0.235/filters-2.0.235.jar:/Users/jerry/open_souse/apache-maven-3.6.3/repository/cn/hutool/hutool-all/5.3.3/hutool-all-5.3.3.jar:/Users/jerry/open_souse/apache-maven-3.6.3/repository/org/apache/commons/commons-lang3/3.11/commons-lang3-3.11.jar:/Users/jerry/open_souse/apache-maven-3.6.3/repository/commons-lang/commons-lang/2.6/commons-lang-2.6.jar:/Users/jerry/open_souse/apache-maven-3.6.3/repository/org/springframework/boot/spring-boot-starter-validation/2.4.0/spring-boot-starter-validation-2.4.0.jar:/Users/jerry/open_souse/apache-maven-3.6.3/repository/org/glassfish/jakarta.el/3.0.3/jakarta.el-3.0.3.jar:/Users/jerry/open_souse/apache-maven-3.6.3/repository/org/hibernate/validator/hibernate-validator/6.1.6.Final/hibernate-validator-6.1.6.Final.jar:/Users/jerry/open_souse/apache-maven-3.6.3/repository/jakarta/validation/jakarta.validation-api/2.0.2/jakarta.validation-api-2.0.2.jar:/Users/jerry/open_souse/apache-maven-3.6.3/repository/org/jboss/logging/jboss-logging/3.4.1.Final/jboss-logging-3.4.1.Final.jar:/Users/jerry/open_souse/apache-maven-3.6.3/repository/com/alibaba/fastjson/1.2.75/fastjson-1.2.75.jar:/Users/jerry/open_souse/apache-maven-3.6.3/repository/io/springfox/springfox-swagger2/2.7.0/springfox-swagger2-2.7.0.jar:/Users/jerry/open_souse/apache-maven-3.6.3/repository/io/swagger/swagger-annotations/1.5.13/swagger-annotations-1.5.13.jar:/Users/jerry/open_souse/apache-maven-3.6.3/repository/io/swagger/swagger-models/1.5.13/swagger-models-1.5.13.jar:/Users/jerry/open_souse/apache-maven-3.6.3/repository/io/springfox/springfox-spi/2.7.0/springfox-spi-2.7.0.jar:/Users/jerry/open_souse/apache-maven-3.6.3/repository/io/springfox/springfox-core/2.7.0/springfox-core-2.7.0.jar:/Users/jerry/open_souse/apache-maven-3.6.3/repository/io/springfox/springfox-schema/2.7.0/springfox-schema-2.7.0.jar:/Users/jerry/open_souse/apache-maven-3.6.3/repository/io/springfox/springfox-swagger-common/2.7.0/springfox-swagger-common-2.7.0.jar:/Users/jerry/open_souse/apache-maven-3.6.3/repository/io/springfox/springfox-spring-web/2.7.0/springfox-spring-web-2.7.0.jar:/Users/jerry/open_souse/apache-maven-3.6.3/repository/org/reflections/reflections/0.9.11/reflections-0.9.11.jar:/Users/jerry/open_souse/apache-maven-3.6.3/repository/org/javassist/javassist/3.21.0-GA/javassist-3.21.0-GA.jar:/Users/jerry/open_souse/apache-maven-3.6.3/repository/com/google/guava/guava/18.0/guava-18.0.jar:/Users/jerry/open_souse/apache-maven-3.6.3/repository/com/fasterxml/classmate/1.5.1/classmate-1.5.1.jar:/Users/jerry/open_souse/apache-maven-3.6.3/repository/org/slf4j/slf4j-api/1.7.30/slf4j-api-1.7.30.jar:/Users/jerry/open_souse/apache-maven-3.6.3/repository/org/springframework/plugin/spring-plugin-core/1.2.0.RELEASE/spring-plugin-core-1.2.0.RELEASE.jar:/Users/jerry/open_souse/apache-maven-3.6.3/repository/org/springframework/plugin/spring-plugin-metadata/1.2.0.RELEASE/spring-plugin-metadata-1.2.0.RELEASE.jar:/Users/jerry/open_souse/apache-maven-3.6.3/repository/org/mapstruct/mapstruct/1.1.0.Final/mapstruct-1.1.0.Final.jar:/Users/jerry/open_souse/apache-maven-3.6.3/repository/io/springfox/springfox-swagger-ui/2.7.0/springfox-swagger-ui-2.7.0.jar:/Users/jerry/open_souse/apache-maven-3.6.3/repository/net/coobird/thumbnailator/0.4.13/thumbnailator-0.4.13.jar:/Users/jerry/open_souse/apache-maven-3.6.3/repository/org/aspectj/aspectjweaver/1.9.6/aspectjweaver-1.9.6.jar:"/>
    <property name="sun.cpu.endian" value="little"/>
    <property name="user.home" value="/Users/jerry"/>
    <property name="user.language" value="zh"/>
    <property name="java.specification.vendor" value="Oracle Corporation"/>
    <property name="java.home" value="/Library/Java/JavaVirtualMachines/jdk1.8.0_211.jdk/Contents/Home/jre"/>
    <property name="basedir" value="/Users/jerry/yl/vueAdmin/vueadmin-java"/>
    <property name="file.separator" value="/"/>
    <property name="line.separator" value="&#10;"/>
    <property name="java.vm.specification.vendor" value="Oracle Corporation"/>
    <property name="java.specification.name" value="Java Platform API Specification"/>
    <property name="java.awt.graphicsenv" value="sun.awt.CGraphicsEnvironment"/>
    <property name="surefire.real.class.path" value="/Users/jerry/yl/vueAdmin/vueadmin-java/target/surefire/surefirebooter3546463406190015273.jar"/>
    <property name="sun.boot.class.path" value="/Library/Java/JavaVirtualMachines/jdk1.8.0_211.jdk/Contents/Home/jre/lib/resources.jar:/Library/Java/JavaVirtualMachines/jdk1.8.0_211.jdk/Contents/Home/jre/lib/rt.jar:/Library/Java/JavaVirtualMachines/jdk1.8.0_211.jdk/Contents/Home/jre/lib/sunrsasign.jar:/Library/Java/JavaVirtualMachines/jdk1.8.0_211.jdk/Contents/Home/jre/lib/jsse.jar:/Library/Java/JavaVirtualMachines/jdk1.8.0_211.jdk/Contents/Home/jre/lib/jce.jar:/Library/Java/JavaVirtualMachines/jdk1.8.0_211.jdk/Contents/Home/jre/lib/charsets.jar:/Library/Java/JavaVirtualMachines/jdk1.8.0_211.jdk/Contents/Home/jre/lib/jfr.jar:/Library/Java/JavaVirtualMachines/jdk1.8.0_211.jdk/Contents/Home/jre/classes"/>
    <property name="sun.management.compiler" value="HotSpot 64-Bit Tiered Compilers"/>
    <property name="ftp.nonProxyHosts" value="local|*.local|169.254/16|*.169.254/16"/>
    <property name="java.runtime.version" value="1.8.0_211-b12"/>
    <property name="user.name" value="jerry"/>
    <property name="path.separator" value=":"/>
    <property name="os.version" value="10.16"/>
    <property name="java.endorsed.dirs" value="/Library/Java/JavaVirtualMachines/jdk1.8.0_211.jdk/Contents/Home/jre/lib/endorsed"/>
    <property name="java.runtime.name" value="Java(TM) SE Runtime Environment"/>
    <property name="file.encoding" value="UTF-8"/>
    <property name="java.vm.name" value="Java HotSpot(TM) 64-Bit Server VM"/>
    <property name="idea.version2020.1" value="true"/>
    <property name="localRepository" value="/Users/jerry/open_souse/apache-maven-3.6.3/repository"/>
    <property name="java.vendor.url.bug" value="http://bugreport.sun.com/bugreport/"/>
    <property name="java.io.tmpdir" value="/var/folders/jj/sspcqk4s38l1spjfj06r4vkc0000gn/T/"/>
    <property name="java.version" value="1.8.0_211"/>
    <property name="user.dir" value="/Users/jerry/yl/vueAdmin/vueadmin-java"/>
    <property name="os.arch" value="x86_64"/>
    <property name="java.vm.specification.name" value="Java Virtual Machine Specification"/>
    <property name="java.awt.printerjob" value="sun.lwawt.macosx.CPrinterJob"/>
    <property name="sun.os.patch.level" value="unknown"/>
    <property name="java.library.path" value="/Users/jerry/Library/Java/Extensions:/Library/Java/Extensions:/Network/Library/Java/Extensions:/System/Library/Java/Extensions:/usr/lib/java:."/>
    <property name="java.vm.info" value="mixed mode"/>
    <property name="java.vendor" value="Oracle Corporation"/>
    <property name="java.vm.version" value="25.211-b12"/>
    <property name="java.ext.dirs" value="/Users/jerry/Library/Java/Extensions:/Library/Java/JavaVirtualMachines/jdk1.8.0_211.jdk/Contents/Home/jre/lib/ext:/Library/Java/Extensions:/Network/Library/Java/Extensions:/System/Library/Java/Extensions:/usr/lib/java"/>
    <property name="sun.io.unicode.encoding" value="UnicodeBig"/>
    <property name="java.class.version" value="52.0"/>
    <property name="socksNonProxyHosts" value="local|*.local|169.254/16|*.169.254/16"/>
  </properties>
  <testcase name="contextLoads" classname="com.yl.VueadminJavaApplicationTests" time="0.402"/>
</testsuite>